生成启动时间为 2018/10/17 15:54:08。
     1>项目“C:\challenge\challenge\challenge.vcxproj”在节点 2 上(Build 个目标)。
     1>ClCompile:
         C:\Program Files (x86)\Microsoft Visual Studio 11.0\VC\bin\CL.exe /c /I"C:\Users\周妍宏\Desktop\mydll\mydll" /I"C:\faac-1.28\include" /IC:\test\test\test /IC:\ffmpeg_new\dev\include /ZI /nologo /W3 /WX- /sdl- /Od /Oy- /D WIN32 /D _WINDOWS /D _DEBUG /D _MBCS /Gm /EHsc /RTC1 /MTd /GS /fp:precise /Zc:wchar_t /Zc:forScope /Yu"stdafx.h" /Fp"Debug\challenge.pch" /Fo"Debug\\" /Fd"Debug\vc110.pdb" /Gd /TP /analyze- /errorReport:prompt challengeDlg.cpp
         challengeDlg.cpp
     1>c:\ffmpeg_new\dev\include\libavutil\rational.h : warning C4819: 该文件包含不能在当前代码页(936)中表示的字符。请将该文件保存为 Unicode 格式以防止数据丢失
     1>c:\challenge\challenge\challengedlg.cpp(42): warning C4005: “MAXWAVESIZE”: 宏重定义
                 c:\test\test\test\audio.h(38) : 参见“MAXWAVESIZE”的前一个定义
     1>c:\challenge\challenge\challengedlg.cpp(299): warning C4018: “<”: 有符号/无符号不匹配
     1>c:\challenge\challenge\challengedlg.cpp(305): warning C4996: 'AVStream::codec': 被声明为已否决
                 c:\ffmpeg_new\dev\include\libavformat\avformat.h(893) : 参见“AVStream::codec”的声明
     1>c:\challenge\challenge\challengedlg.cpp(307): warning C4996: 'AVStream::codec': 被声明为已否决
                 c:\ffmpeg_new\dev\include\libavformat\avformat.h(893) : 参见“AVStream::codec”的声明
     1>c:\challenge\challenge\challengedlg.cpp(309): warning C4996: 'AVStream::codec': 被声明为已否决
                 c:\ffmpeg_new\dev\include\libavformat\avformat.h(893) : 参见“AVStream::codec”的声明
     1>c:\challenge\challenge\challengedlg.cpp(311): warning C4996: 'AVStream::codec': 被声明为已否决
                 c:\ffmpeg_new\dev\include\libavformat\avformat.h(893) : 参见“AVStream::codec”的声明
     1>c:\challenge\challenge\challengedlg.cpp(323): warning C4996: 'AVStream::codec': 被声明为已否决
                 c:\ffmpeg_new\dev\include\libavformat\avformat.h(893) : 参见“AVStream::codec”的声明
                 c:\ffmpeg_new\dev\include\libavformat\avformat.h(893) : 参见“AVStream::codec”的声明
     1>c:\challenge\challenge\challengedlg.cpp(323): warning C4996: 'avcodec_copy_context': 被声明为已否决
                 c:\ffmpeg_new\dev\include\libavcodec\avcodec.h(4396) : 参见“avcodec_copy_context”的声明
     1>c:\challenge\challenge\challengedlg.cpp(327): warning C4996: 'AVStream::codec': 被声明为已否决
                 c:\ffmpeg_new\dev\include\libavformat\avformat.h(893) : 参见“AVStream::codec”的声明
     1>c:\challenge\challenge\challengedlg.cpp(330): warning C4996: 'AVStream::codec': 被声明为已否决
                 c:\ffmpeg_new\dev\include\libavformat\avformat.h(893) : 参见“AVStream::codec”的声明
     1>c:\challenge\challenge\challengedlg.cpp(401): warning C4996: 'av_free_packet': 被声明为已否决
                 c:\ffmpeg_new\dev\include\libavcodec\avcodec.h(4628) : 参见“av_free_packet”的声明
     1>c:\challenge\challenge\challengedlg.cpp(506): warning C4996: 'fopen': This function or variable may be unsafe. Consider using fopen_s instead. To disable deprecation, use _CRT_SECURE_NO_WARNINGS. See online help for details.
                 c:\program files (x86)\microsoft visual studio 11.0\vc\include\stdio.h(218) : 参见“fopen”的声明
     1>c:\challenge\challenge\challengedlg.cpp(531): warning C4018: “<”: 有符号/无符号不匹配
     1>c:\challenge\challenge\challengedlg.cpp(533): warning C4996: 'AVStream::codec': 被声明为已否决
                 c:\ffmpeg_new\dev\include\libavformat\avformat.h(893) : 参见“AVStream::codec”的声明
     1>c:\challenge\challenge\challengedlg.cpp(545): warning C4996: 'AVStream::codec': 被声明为已否决
                 c:\ffmpeg_new\dev\include\libavformat\avformat.h(893) : 参见“AVStream::codec”的声明
     1>c:\challenge\challenge\challengedlg.cpp(634): warning C4996: 'avcodec_decode_audio4': 被声明为已否决
                 c:\ffmpeg_new\dev\include\libavcodec\avcodec.h(4922) : 参见“avcodec_decode_audio4”的声明
     1>c:\challenge\challenge\challengedlg.cpp(647): warning C4996: 'av_free_packet': 被声明为已否决
                 c:\ffmpeg_new\dev\include\libavcodec\avcodec.h(4628) : 参见“av_free_packet”的声明
     1>c:\challenge\challenge\challengedlg.cpp(787): warning C4018: “<”: 有符号/无符号不匹配
     1>c:\challenge\challenge\challengedlg.cpp(789): warning C4996: 'AVStream::codec': 被声明为已否决
                 c:\ffmpeg_new\dev\include\libavformat\avformat.h(893) : 参见“AVStream::codec”的声明
     1>c:\challenge\challenge\challengedlg.cpp(791): warning C4996: 'AVStream::codec': 被声明为已否决
                 c:\ffmpeg_new\dev\include\libavformat\avformat.h(893) : 参见“AVStream::codec”的声明
     1>c:\challenge\challenge\challengedlg.cpp(800): warning C4996: 'AVStream::codec': 被声明为已否决
                 c:\ffmpeg_new\dev\include\libavformat\avformat.h(893) : 参见“AVStream::codec”的声明
                 c:\ffmpeg_new\dev\include\libavformat\avformat.h(893) : 参见“AVStream::codec”的声明
     1>c:\challenge\challenge\challengedlg.cpp(800): warning C4996: 'avcodec_copy_context': 被声明为已否决
                 c:\ffmpeg_new\dev\include\libavcodec\avcodec.h(4396) : 参见“avcodec_copy_context”的声明
     1>c:\challenge\challenge\challengedlg.cpp(804): warning C4996: 'AVStream::codec': 被声明为已否决
                 c:\ffmpeg_new\dev\include\libavformat\avformat.h(893) : 参见“AVStream::codec”的声明
     1>c:\challenge\challenge\challengedlg.cpp(806): warning C4996: 'AVStream::codec': 被声明为已否决
                 c:\ffmpeg_new\dev\include\libavformat\avformat.h(893) : 参见“AVStream::codec”的声明
     1>c:\challenge\challenge\challengedlg.cpp(811): warning C4018: “<”: 有符号/无符号不匹配
     1>c:\challenge\challenge\challengedlg.cpp(813): warning C4996: 'AVStream::codec': 被声明为已否决
                 c:\ffmpeg_new\dev\include\libavformat\avformat.h(893) : 参见“AVStream::codec”的声明
     1>c:\challenge\challenge\challengedlg.cpp(815): warning C4996: 'AVStream::codec': 被声明为已否决
                 c:\ffmpeg_new\dev\include\libavformat\avformat.h(893) : 参见“AVStream::codec”的声明
     1>c:\challenge\challenge\challengedlg.cpp(824): warning C4996: 'AVStream::codec': 被声明为已否决
                 c:\ffmpeg_new\dev\include\libavformat\avformat.h(893) : 参见“AVStream::codec”的声明
                 c:\ffmpeg_new\dev\include\libavformat\avformat.h(893) : 参见“AVStream::codec”的声明
     1>c:\challenge\challenge\challengedlg.cpp(824): warning C4996: 'avcodec_copy_context': 被声明为已否决
                 c:\ffmpeg_new\dev\include\libavcodec\avcodec.h(4396) : 参见“avcodec_copy_context”的声明
     1>c:\challenge\challenge\challengedlg.cpp(828): warning C4996: 'AVStream::codec': 被声明为已否决
                 c:\ffmpeg_new\dev\include\libavformat\avformat.h(893) : 参见“AVStream::codec”的声明
     1>c:\challenge\challenge\challengedlg.cpp(830): warning C4996: 'AVStream::codec': 被声明为已否决
                 c:\ffmpeg_new\dev\include\libavformat\avformat.h(893) : 参见“AVStream::codec”的声明
     1>c:\challenge\challenge\challengedlg.cpp(882): warning C4244: “初始化”: 从“double”转换到“int64_t”，可能丢失数据
     1>c:\challenge\challenge\challengedlg.cpp(884): warning C4244: “=”: 从“double”转换到“int64_t”，可能丢失数据
     1>c:\challenge\challenge\challengedlg.cpp(886): warning C4244: “=”: 从“double”转换到“int64_t”，可能丢失数据
     1>c:\challenge\challenge\challengedlg.cpp(913): warning C4244: “初始化”: 从“double”转换到“int64_t”，可能丢失数据
     1>c:\challenge\challenge\challengedlg.cpp(915): warning C4244: “=”: 从“double”转换到“int64_t”，可能丢失数据
     1>c:\challenge\challenge\challengedlg.cpp(917): warning C4244: “=”: 从“double”转换到“int64_t”，可能丢失数据
     1>c:\challenge\challenge\challengedlg.cpp(952): warning C4996: 'av_free_packet': 被声明为已否决
                 c:\ffmpeg_new\dev\include\libavcodec\avcodec.h(4628) : 参见“av_free_packet”的声明
       Link:
         C:\Program Files (x86)\Microsoft Visual Studio 11.0\VC\bin\link.exe /ERRORREPORT:PROMPT /OUT:"C:\challenge\Debug\challenge.exe" /INCREMENTAL /NOLOGO /LIBPATH:"C:\faac-1.28\libfaac\Debug" /LIBPATH:C:\ffmpeg_new\dev\lib swscale.lib avcodec.lib avutil.lib avformat.lib swresample.lib libfaac.lib kernel32.lib user32.lib gdi32.lib winspool.lib comdlg32.lib advapi32.lib shell32.lib ole32.lib oleaut32.lib uuid.lib odbc32.lib odbccp32.lib /MANIFEST /MANIFESTUAC:"level='asInvoker' uiAccess='false'" /manifest:embed /manifestinput:"C:\Program Files (x86)\Microsoft Visual Studio 11.0\VC\Include\Manifest\dpiaware.manifest" /DEBUG /PDB:"C:\challenge\Debug\challenge.pdb" /SUBSYSTEM:WINDOWS /TLBID:1 /DYNAMICBASE /NXCOMPAT /IMPLIB:"C:\challenge\Debug\challenge.lib" /MACHINE:X86 Debug\challenge.res
         Debug\challenge.obj
         Debug\challengeDlg.obj
         Debug\stdafx.obj
         challenge.vcxproj -> C:\challenge\Debug\challenge.exe
     1>已完成生成项目“C:\challenge\challenge\challenge.vcxproj”(Build 个目标)的操作。

生成成功。

已用时间 00:00:02.77
